<?xml version="1.0" encoding="UTF-8"?>
<!-- Generated by org.testng.reporters.JUnitReportReporter -->
<testsuite skipped="0" hostname="user-PC" name="com.qa.store.test.MainPageTest" tests="1" failures="0" timestamp="15 Oct 2020 21:01:39 GMT" time="28.563" errors="0">
  <testcase name="verifylogoLabelTest" time="28.563" classname="com.qa.store.test.MainPageTest"/>
</testsuite> <!-- com.qa.store.test.MainPageTest -->
