<?xml version="1.0" encoding="UTF-8"?>
<!-- Generated by org.testng.reporters.JUnitReportReporter -->
<testsuite skipped="0" hostname="user-PC" name="LogoStoreTestAutomation.LogoStoreTest.Hel" tests="1" failures="0" timestamp="15 Oct 2020 18:55:49 GMT" time="0.108" errors="0">
  <testcase name="teto" time="0.108" classname="LogoStoreTestAutomation.LogoStoreTest.Hel"/>
</testsuite> <!-- LogoStoreTestAutomation.LogoStoreTest.Hel -->
